<?xml version="1.0" encoding="UTF-8"?>
<!-- Generated by org.testng.reporters.JUnitReportReporter -->
<testsuite hostname="Subhash-PC" name="scripts.TestLogin" tests="1" failures="0" timestamp="2 Jun 2019 09:23:10 GMT" time="22.098" errors="0">
  <testcase name="testLogin" time="22.098" classname="scripts.TestLogin"/>
</testsuite> <!-- scripts.TestLogin -->
